<?xml version="1.0" encoding="UTF-8"?>
<testsuite xmlns:xsi="http://www.w3.org/2001/XMLSchema-instance" xsi:noNamespaceSchemaLocation="https://maven.apache.org/surefire/maven-surefire-plugin/xsd/surefire-test-report-3.0.xsd" version="3.0" name="duncan.rest.webservices.maestroapi.MaestroApiApplicationTests" time="1.329" tests="1" errors="0" skipped="0" failures="0">
  <properties>
[...]
</properties>
  <testcase name="contextLoads" classname="duncan.rest.webservices.maestroapi.MaestroApiApplicationTests" time="0.448">
    <system-out><![CDATA[01:24:59.569 [main] INFO org.springframework.test.context.support.AnnotationConfigContextLoaderUtils -- Could not detect default configuration classes for test class [duncan.rest.webservices.maestroapi.MaestroApiApplicationTests]: MaestroApiApplicationTests does not declare any static, non-private, non-final, nested classes annotated with @Configuration.
01:24:59.622 [main] INFO org.springframework.boot.test.context.SpringBootTestContextBootstrapper -- Found @SpringBootConfiguration duncan.rest.webservices.maestroapi.MaestroApiApplication for test class duncan.rest.webservices.maestroapi.MaestroApiApplicationTests

  .   ____          _            __ _ _
 /\\ / ___'_ __ _ _(_)_ __  __ _ \ \ \ \
( ( )\___ | '_ | '_| | '_ \/ _` | \ \ \ \
 \\/  ___)| |_)| | | | | || (_| |  ) ) ) )
  '  |____| .__|_| |_|_| |_\__, | / / / /
 =========|_|==============|___/=/_/_/_/
&amp#27;[32m :: Spring Boot :: &amp#27;[39m              &amp#27;[2m (v3.2.4)&amp#27;[0;39m

&amp#27;[2m2024-04-17T01:24:59.838+02:00&amp#27;[0;39m &amp#27;[32m INFO&amp#27;[0;39m &amp#27;[35m19172&amp#27;[0;39m &amp#27;[2m---&amp#27;[0;39m &amp#27;[2m[maestro-api] [           main]&amp#27;[0;39m &amp#27;[2m&amp#27;[0;39m&amp#27;[36md.r.w.m.MaestroApiApplicationTests      &amp#27;[0;39m &amp#27;[2m:&amp#27;[0;39m Starting MaestroApiApplicationTests using Java 22 with PID 19172 (started by duncan in /home/duncan/Documents/Jaaj/Spring/maestro/maestro-api)
&amp#27;[2m2024-04-17T01:24:59.838+02:00&amp#27;[0;39m &amp#27;[32m INFO&amp#27;[0;39m &amp#27;[35m19172&amp#27;[0;39m &amp#27;[2m---&amp#27;[0;39m &amp#27;[2m[maestro-api] [           main]&amp#27;[0;39m &amp#27;[2m&amp#27;[0;39m&amp#27;[36md.r.w.m.MaestroApiApplicationTests      &amp#27;[0;39m &amp#27;[2m:&amp#27;[0;39m No active profile set, falling back to 1 default profile: "default"
&amp#27;[2m2024-04-17T01:25:00.348+02:00&amp#27;[0;39m &amp#27;[32m INFO&amp#27;[0;39m &amp#27;[35m19172&amp#27;[0;39m &amp#27;[2m---&amp#27;[0;39m &amp#27;[2m[maestro-api] [           main]&amp#27;[0;39m &amp#27;[2m&amp#27;[0;39m&amp#27;[36md.r.w.m.MaestroApiApplicationTests      &amp#27;[0;39m &amp#27;[2m:&amp#27;[0;39m Started MaestroApiApplicationTests in 0.668 seconds (process running for 1.095)
]]></system-out>
    <system-err><![CDATA[WARNING: A Java agent has been loaded dynamically (/home/duncan/.m2/repository/net/bytebuddy/byte-buddy-agent/1.14.12/byte-buddy-agent-1.14.12.jar)
WARNING: If a serviceability tool is in use, please run with -XX:+EnableDynamicAgentLoading to hide this warning
WARNING: If a serviceability tool is not in use, please run with -Djdk.instrument.traceUsage for more information
WARNING: Dynamic loading of agents will be disallowed by default in a future release
]]></system-err>
  </testcase>
</testsuite>